0 info it worked if it ends with ok
1 verbose cli [ '/Users/wangjinliang/.nvm/versions/node/v4.3.2/bin/node',
1 verbose cli   '/Users/wangjinliang/.nvm/versions/node/v4.3.2/lib/node_modules/tnpm/node_modules/npm/bin/npm-cli.js',
1 verbose cli   '--cache=/Users/wangjinliang/.tnpm',
1 verbose cli   '--node_sqlite3_binary_host_mirror=https://npm.taobao.org/mirrors/',
1 verbose cli   '--fse_binary_host_mirror=https://npm.taobao.org/mirrors/fsevents/',
1 verbose cli   '--tmp=/Users/wangjinliang/.tnpm_tmp',
1 verbose cli   '--progress=false',
1 verbose cli   '--no-proxy',
1 verbose cli   '--disturl=https://npm.taobao.org/mirrors/node',
1 verbose cli   '--userconfig=/Users/wangjinliang/.tnpmrc',
1 verbose cli   '--registry=http://registry.npm.alibaba-inc.com',
1 verbose cli   'publish' ]
2 info using npm@3.9.0
3 info using node@v4.3.2
4 verbose publish [ '.' ]
5 silly cache add args [ '.', null ]
6 verbose cache add spec .
7 silly cache add parsed spec Result {
7 silly cache add   raw: '.',
7 silly cache add   scope: null,
7 silly cache add   name: null,
7 silly cache add   rawSpec: '.',
7 silly cache add   spec: '/Users/wangjinliang/Documents/seek/react-template-loader',
7 silly cache add   type: 'directory' }
8 verbose addLocalDirectory /Users/wangjinliang/.tnpm/@ali/react-template-loader/1.0.4/package.tgz not in flight; packing
9 verbose correctMkdir /Users/wangjinliang/.tnpm correctMkdir not in flight; initializing
10 info lifecycle @ali/react-template-loader@1.0.4~prepublish: @ali/react-template-loader@1.0.4
11 silly lifecycle @ali/react-template-loader@1.0.4~prepublish: no script for prepublish, continuing
12 verbose tar pack [ '/Users/wangjinliang/.tnpm/@ali/react-template-loader/1.0.4/package.tgz',
12 verbose tar pack   '/Users/wangjinliang/Documents/seek/react-template-loader' ]
13 verbose tarball /Users/wangjinliang/.tnpm/@ali/react-template-loader/1.0.4/package.tgz
14 verbose folder /Users/wangjinliang/Documents/seek/react-template-loader
15 verbose addLocalTarball adding from inside cache /Users/wangjinliang/.tnpm/@ali/react-template-loader/1.0.4/package.tgz
16 verbose correctMkdir /Users/wangjinliang/.tnpm correctMkdir not in flight; initializing
17 silly cache afterAdd @ali/react-template-loader@1.0.4
18 verbose afterAdd /Users/wangjinliang/.tnpm/@ali/react-template-loader/1.0.4/package/package.json not in flight; writing
19 verbose correctMkdir /Users/wangjinliang/.tnpm correctMkdir not in flight; initializing
20 verbose afterAdd /Users/wangjinliang/.tnpm/@ali/react-template-loader/1.0.4/package/package.json written
21 silly publish { name: '@ali/react-template-loader',
21 silly publish   version: '1.0.4',
21 silly publish   description: 'React template loader for webpack.',
21 silly publish   main: 'lib/index.js',
21 silly publish   scripts: { test: 'echo "Error: no test specified" && exit 1' },
21 silly publish   repository:
21 silly publish    { type: 'git',
21 silly publish      url: 'git@gitlab.alibaba-inc.com:seek/react-template-loader.git' },
21 silly publish   author: { name: 'xing.gex' },
21 silly publish   license: 'ISC',
21 silly publish   dependencies:
21 silly publish    { 'babel-generator': '^6.11.4',
21 silly publish      'babel-traverse': '^6.13.0',
21 silly publish      'babel-types': '^6.13.0',
21 silly publish      babylon: '^6.8.4',
21 silly publish      cheerio: '^0.20.0',
21 silly publish      'hash-sum': '^1.0.2',
21 silly publish      'loader-utils': '^0.2.15',
21 silly publish      qs: '^6.2.1',
21 silly publish      'react-templates': '^0.5.2' },
21 silly publish   publishConfig: { registry: 'http://registry.npm.alibaba-inc.com' },
21 silly publish   readme: '## @ali/react-template-loader\n\nreact-template-loader是基于webpack的loader，用于seek component的编写。\n\n### 安装\n\n```\ntnpm install @ali/react-template-loader --save-dev\n```\n\n### 配置\n\n```js\n{\n    test: /\\.rt$/,\n    loader: \'@ali/react-template-loader\'\n}\n```\n\n### RT文件编写格式\n\n```js\n<SeekComponent>\n<template>\n  <input className="new-todo" type="text" placeholder="What needs to be done?"\n    onKeyDown="{this.handleKeyDown.bind(this)}" />\n</template>\n\n<script>\nimport React from \'react\'\n\nexport default class AddTodo extends React.Component{\n  handleKeyDown (e){\n    let {handleAddTodo} = this.props;\n    if (e.keyCode === 13) {\n        const text = e.target.value.trim()\n        if (text) {\n          handleAddTodo(text)\n          e.target.value = \'\'\n        }\n    }\n  }\n}\n</script>\n</SeekComponent>\n```\n',
21 silly publish   readmeFilename: 'README.md',
21 silly publish   gitHead: '8cfad24298ee449ff48c086d9c3c789b8ada4531',
21 silly publish   _id: '@ali/react-template-loader@1.0.4',
21 silly publish   _shasum: '071e0b756bc61109296014ffde0298e8e982ae30',
21 silly publish   _from: '.' }
22 verbose getPublishConfig { registry: 'http://registry.npm.alibaba-inc.com' }
23 silly mapToRegistry name @ali/react-template-loader
24 silly mapToRegistry scope (from package name) @ali
25 verbose mapToRegistry no registry URL found in name for scope @ali
26 silly mapToRegistry using default registry
27 silly mapToRegistry registry http://registry.npm.alibaba-inc.com
28 silly mapToRegistry data Result {
28 silly mapToRegistry   raw: '@ali/react-template-loader',
28 silly mapToRegistry   scope: '@ali',
28 silly mapToRegistry   name: '@ali/react-template-loader',
28 silly mapToRegistry   rawSpec: '',
28 silly mapToRegistry   spec: 'latest',
28 silly mapToRegistry   type: 'tag' }
29 silly mapToRegistry uri http://registry.npm.alibaba-inc.com/@ali%2freact-template-loader
30 verbose publish registryBase http://registry.npm.alibaba-inc.com/
31 silly publish uploading /Users/wangjinliang/.tnpm/@ali/react-template-loader/1.0.4/package.tgz
32 verbose request uri http://registry.npm.alibaba-inc.com/@ali%2freact-template-loader
33 verbose request sending authorization for write operation
34 info attempt registry request try #1 at 10:57:23
35 verbose request id 641b1b8f3615087c
36 http request PUT http://registry.npm.alibaba-inc.com/@ali%2freact-template-loader
37 http 403 http://registry.npm.alibaba-inc.com/@ali%2freact-template-loader
38 verbose headers { server: 'Tengine',
38 verbose headers   date: 'Mon, 22 Aug 2016 02:57:23 GMT',
38 verbose headers   'content-type': 'application/json; charset=utf-8',
38 verbose headers   'content-length': '74',
38 verbose headers   connection: 'keep-alive',
38 verbose headers   'x-current-requests': '380',
38 verbose headers   'x-readtime': '251' }
39 verbose request invalidating /Users/wangjinliang/.tnpm/registry.npm.alibaba-inc.com/_40ali_252freact-template-loader on PUT
40 error publish Failed PUT 403
41 verbose stack Error: forbidden cannot modify pre-existing version: 1.0.4: @ali/react-template-loader
41 verbose stack     at makeError (/Users/wangjinliang/.nvm/versions/node/v4.3.2/lib/node_modules/tnpm/node_modules/npm/node_modules/npm-registry-client/lib/request.js:264:12)
41 verbose stack     at CachingRegistryClient.<anonymous> (/Users/wangjinliang/.nvm/versions/node/v4.3.2/lib/node_modules/tnpm/node_modules/npm/node_modules/npm-registry-client/lib/request.js:252:14)
41 verbose stack     at Request._callback (/Users/wangjinliang/.nvm/versions/node/v4.3.2/lib/node_modules/tnpm/node_modules/npm/node_modules/npm-registry-client/lib/request.js:172:14)
41 verbose stack     at Request.self.callback (/Users/wangjinliang/.nvm/versions/node/v4.3.2/lib/node_modules/tnpm/node_modules/npm/node_modules/request/request.js:200:22)
41 verbose stack     at emitTwo (events.js:87:13)
41 verbose stack     at Request.emit (events.js:172:7)
41 verbose stack     at Request.<anonymous> (/Users/wangjinliang/.nvm/versions/node/v4.3.2/lib/node_modules/tnpm/node_modules/npm/node_modules/request/request.js:1067:10)
41 verbose stack     at emitOne (events.js:82:20)
41 verbose stack     at Request.emit (events.js:169:7)
41 verbose stack     at IncomingMessage.<anonymous> (/Users/wangjinliang/.nvm/versions/node/v4.3.2/lib/node_modules/tnpm/node_modules/npm/node_modules/request/request.js:988:12)
42 verbose statusCode 403
43 verbose pkgid @ali/react-template-loader
44 verbose cwd /Users/wangjinliang/Documents/seek/react-template-loader
45 error Darwin 14.4.0
46 error argv "/Users/wangjinliang/.nvm/versions/node/v4.3.2/bin/node" "/Users/wangjinliang/.nvm/versions/node/v4.3.2/lib/node_modules/tnpm/node_modules/npm/bin/npm-cli.js" "--cache=/Users/wangjinliang/.tnpm" "--node_sqlite3_binary_host_mirror=https://npm.taobao.org/mirrors/" "--fse_binary_host_mirror=https://npm.taobao.org/mirrors/fsevents/" "--tmp=/Users/wangjinliang/.tnpm_tmp" "--progress=false" "--no-proxy" "--disturl=https://npm.taobao.org/mirrors/node" "--userconfig=/Users/wangjinliang/.tnpmrc" "--registry=http://registry.npm.alibaba-inc.com" "publish"
47 error node v4.3.2
48 error npm  v3.9.0
49 error code E403
50 error forbidden cannot modify pre-existing version: 1.0.4: @ali/react-template-loader
51 error If you need help, you may report this error at:
51 error     <https://github.com/npm/npm/issues>
52 verbose exit [ 1, true ]
